2026-01-17 16:12:21,805 | INFO     | generation.utils.kafka | [KafkaUtils]: Creating topic 'votes_raw'...
2026-01-17 16:12:21,871 | INFO     | generation.utils.kafka | [KafkaUtils]: Topic 'votes_raw' created succesfully
2026-01-17 16:12:21,872 | INFO     | generation.utils.kafka | [KafkaUtils]: Waiting 5 seconds for metadata propagation...
2026-01-17 16:12:26,948 | INFO     | generation.utils.kafka | [KafkaUtils]: Creating topic 'votes_clean'...
2026-01-17 16:12:26,983 | INFO     | generation.utils.kafka | [KafkaUtils]: Topic 'votes_clean' created succesfully
2026-01-17 16:12:26,984 | INFO     | generation.utils.kafka | [KafkaUtils]: Waiting 5 seconds for metadata propagation...
2026-01-17 16:12:32,065 | INFO     | generation.utils.kafka | [KafkaUtils]: Creating topic 'votes_seats_provinces'...
2026-01-17 16:12:32,101 | INFO     | generation.utils.kafka | [KafkaUtils]: Topic 'votes_seats_provinces' created succesfully
2026-01-17 16:12:32,101 | INFO     | generation.utils.kafka | [KafkaUtils]: Waiting 5 seconds for metadata propagation...
2026-01-17 16:25:08,315 | INFO     | generation.utils.kafka | [KafkaUtils]: Creating topic 'votes_raw'...
2026-01-17 16:25:08,424 | INFO     | generation.utils.kafka | [KafkaUtils]: Topic 'votes_raw' created succesfully
2026-01-17 16:25:08,426 | INFO     | generation.utils.kafka | [KafkaUtils]: Waiting 5 seconds for metadata propagation...
2026-01-17 16:25:13,508 | INFO     | generation.utils.kafka | [KafkaUtils]: Creating topic 'votes_clean'...
2026-01-17 16:25:13,545 | INFO     | generation.utils.kafka | [KafkaUtils]: Topic 'votes_clean' created succesfully
2026-01-17 16:25:13,546 | INFO     | generation.utils.kafka | [KafkaUtils]: Waiting 5 seconds for metadata propagation...
2026-01-17 16:25:18,801 | INFO     | generation.utils.kafka | [KafkaUtils]: Creating topic 'votes_seats_provinces'...
2026-01-17 16:25:18,848 | INFO     | generation.utils.kafka | [KafkaUtils]: Topic 'votes_seats_provinces' created succesfully
2026-01-17 16:25:18,849 | INFO     | generation.utils.kafka | [KafkaUtils]: Waiting 5 seconds for metadata propagation...
2026-01-17 16:51:51,344 | INFO     | generation.utils.kafka | [KafkaUtils]: Creating topic 'votes_raw'...
2026-01-17 16:51:51,411 | INFO     | generation.utils.kafka | [KafkaUtils]: Topic 'votes_raw' created succesfully
2026-01-17 16:51:51,412 | INFO     | generation.utils.kafka | [KafkaUtils]: Waiting 5 seconds for metadata propagation...
2026-01-17 16:51:56,501 | INFO     | generation.utils.kafka | [KafkaUtils]: Creating topic 'votes_clean'...
2026-01-17 16:51:56,536 | INFO     | generation.utils.kafka | [KafkaUtils]: Topic 'votes_clean' created succesfully
2026-01-17 16:51:56,536 | INFO     | generation.utils.kafka | [KafkaUtils]: Waiting 5 seconds for metadata propagation...
2026-01-17 16:52:01,617 | INFO     | generation.utils.kafka | [KafkaUtils]: Creating topic 'votes_seats_provinces'...
2026-01-17 16:52:01,652 | INFO     | generation.utils.kafka | [KafkaUtils]: Topic 'votes_seats_provinces' created succesfully
2026-01-17 16:52:01,653 | INFO     | generation.utils.kafka | [KafkaUtils]: Waiting 5 seconds for metadata propagation...
2026-01-17 17:07:54,677 | INFO     | generation.utils.kafka | [KafkaUtils]: Creating topic 'votes_raw'...
2026-01-17 17:07:54,799 | INFO     | generation.utils.kafka | [KafkaUtils]: Topic 'votes_raw' created succesfully
2026-01-17 17:07:54,800 | INFO     | generation.utils.kafka | [KafkaUtils]: Waiting 5 seconds for metadata propagation...
2026-01-17 17:07:59,870 | INFO     | generation.utils.kafka | [KafkaUtils]: Creating topic 'votes_clean'...
2026-01-17 17:07:59,907 | INFO     | generation.utils.kafka | [KafkaUtils]: Topic 'votes_clean' created succesfully
2026-01-17 17:07:59,908 | INFO     | generation.utils.kafka | [KafkaUtils]: Waiting 5 seconds for metadata propagation...
2026-01-17 17:08:05,086 | INFO     | generation.utils.kafka | [KafkaUtils]: Creating topic 'votes_seats_provinces'...
2026-01-17 17:08:05,125 | INFO     | generation.utils.kafka | [KafkaUtils]: Topic 'votes_seats_provinces' created succesfully
2026-01-17 17:08:05,126 | INFO     | generation.utils.kafka | [KafkaUtils]: Waiting 5 seconds for metadata propagation...
2026-01-17 17:36:04,269 | INFO     | generation.utils.kafka | [KafkaUtils]: Creating topic 'votes_raw'...
2026-01-17 17:36:04,440 | INFO     | generation.utils.kafka | [KafkaUtils]: Topic 'votes_raw' created succesfully
2026-01-17 17:36:04,441 | INFO     | generation.utils.kafka | [KafkaUtils]: Waiting 5 seconds for metadata propagation...
2026-01-17 17:36:09,526 | INFO     | generation.utils.kafka | [KafkaUtils]: Creating topic 'votes_clean'...
2026-01-17 17:36:09,565 | INFO     | generation.utils.kafka | [KafkaUtils]: Topic 'votes_clean' created succesfully
2026-01-17 17:36:09,566 | INFO     | generation.utils.kafka | [KafkaUtils]: Waiting 5 seconds for metadata propagation...
2026-01-17 17:36:14,647 | INFO     | generation.utils.kafka | [KafkaUtils]: Creating topic 'votes_seats_provinces'...
2026-01-17 17:36:14,682 | INFO     | generation.utils.kafka | [KafkaUtils]: Topic 'votes_seats_provinces' created succesfully
2026-01-17 17:36:14,683 | INFO     | generation.utils.kafka | [KafkaUtils]: Waiting 5 seconds for metadata propagation...
2026-01-17 17:54:12,682 | INFO     | generation.utils.kafka | [KafkaUtils]: Creating topic 'votes_raw'...
2026-01-17 17:54:12,738 | INFO     | generation.utils.kafka | [KafkaUtils]: Topic 'votes_raw' created succesfully
2026-01-17 17:54:12,738 | INFO     | generation.utils.kafka | [KafkaUtils]: Waiting 5 seconds for metadata propagation...
2026-01-17 17:54:17,819 | INFO     | generation.utils.kafka | [KafkaUtils]: Creating topic 'votes_clean'...
2026-01-17 17:54:17,853 | INFO     | generation.utils.kafka | [KafkaUtils]: Topic 'votes_clean' created succesfully
2026-01-17 17:54:17,854 | INFO     | generation.utils.kafka | [KafkaUtils]: Waiting 5 seconds for metadata propagation...
2026-01-17 17:54:22,926 | INFO     | generation.utils.kafka | [KafkaUtils]: Creating topic 'votes_seats_provinces'...
2026-01-17 17:54:22,960 | INFO     | generation.utils.kafka | [KafkaUtils]: Topic 'votes_seats_provinces' created succesfully
2026-01-17 17:54:22,961 | INFO     | generation.utils.kafka | [KafkaUtils]: Waiting 5 seconds for metadata propagation...
2026-01-17 18:48:43,797 | INFO     | generation.utils.kafka | [KafkaUtils]: Creating topic 'votes_raw'...
2026-01-17 18:48:43,968 | INFO     | generation.utils.kafka | [KafkaUtils]: Topic 'votes_raw' created succesfully
2026-01-17 18:48:43,969 | INFO     | generation.utils.kafka | [KafkaUtils]: Waiting 5 seconds for metadata propagation...
2026-01-17 18:48:49,071 | INFO     | generation.utils.kafka | [KafkaUtils]: Creating topic 'votes_clean'...
2026-01-17 18:48:49,178 | INFO     | generation.utils.kafka | [KafkaUtils]: Topic 'votes_clean' created succesfully
2026-01-17 18:48:49,181 | INFO     | generation.utils.kafka | [KafkaUtils]: Waiting 5 seconds for metadata propagation...
2026-01-17 18:48:54,254 | INFO     | generation.utils.kafka | [KafkaUtils]: Creating topic 'votes_seats_provinces'...
2026-01-17 18:48:54,376 | INFO     | generation.utils.kafka | [KafkaUtils]: Topic 'votes_seats_provinces' created succesfully
2026-01-17 18:48:54,377 | INFO     | generation.utils.kafka | [KafkaUtils]: Waiting 5 seconds for metadata propagation...
2026-01-17 19:54:06,385 | INFO     | generation.utils.kafka | [KafkaUtils]: Creating topic 'votes_raw'...
2026-01-17 19:54:06,829 | INFO     | generation.utils.kafka | [KafkaUtils]: Topic 'votes_raw' created succesfully
2026-01-17 19:54:06,830 | INFO     | generation.utils.kafka | [KafkaUtils]: Waiting 5 seconds for metadata propagation...
2026-01-17 19:54:11,906 | INFO     | generation.utils.kafka | [KafkaUtils]: Creating topic 'votes_clean'...
2026-01-17 19:54:11,986 | INFO     | generation.utils.kafka | [KafkaUtils]: Topic 'votes_clean' created succesfully
2026-01-17 19:54:11,987 | INFO     | generation.utils.kafka | [KafkaUtils]: Waiting 5 seconds for metadata propagation...
2026-01-17 19:54:17,061 | INFO     | generation.utils.kafka | [KafkaUtils]: Creating topic 'votes_seats_provinces'...
2026-01-17 19:54:17,120 | INFO     | generation.utils.kafka | [KafkaUtils]: Topic 'votes_seats_provinces' created succesfully
2026-01-17 19:54:17,121 | INFO     | generation.utils.kafka | [KafkaUtils]: Waiting 5 seconds for metadata propagation...
2026-01-17 19:56:16,417 | INFO     | generation.utils.kafka | [KafkaUtils]: Creating topic 'votes_raw'...
2026-01-17 19:56:16,502 | INFO     | generation.utils.kafka | [KafkaUtils]: Topic 'votes_raw' created succesfully
2026-01-17 19:56:16,503 | INFO     | generation.utils.kafka | [KafkaUtils]: Waiting 5 seconds for metadata propagation...
2026-01-17 19:56:21,591 | INFO     | generation.utils.kafka | [KafkaUtils]: Topic 'votes_clean' already exists, returning
2026-01-17 19:56:21,682 | INFO     | generation.utils.kafka | [KafkaUtils]: Topic 'votes_seats_provinces' already exists, returning
2026-01-18 08:40:30,540 | INFO     | generation.utils.kafka | [KafkaUtils]: Creating topic 'votes_raw'...
2026-01-18 08:40:30,566 | INFO     | generation.utils.kafka | [KafkaUtils]: Topic 'votes_raw' created succesfully
2026-01-18 08:40:30,566 | INFO     | generation.utils.kafka | [KafkaUtils]: Waiting 5 seconds for metadata propagation...
2026-01-18 08:40:35,651 | INFO     | generation.utils.kafka | [KafkaUtils]: Creating topic 'votes_clean'...
2026-01-18 08:40:35,685 | INFO     | generation.utils.kafka | [KafkaUtils]: Topic 'votes_clean' created succesfully
2026-01-18 08:40:35,685 | INFO     | generation.utils.kafka | [KafkaUtils]: Waiting 5 seconds for metadata propagation...
2026-01-18 08:40:40,783 | INFO     | generation.utils.kafka | [KafkaUtils]: Creating topic 'votes_seats_provinces'...
2026-01-18 08:40:40,820 | INFO     | generation.utils.kafka | [KafkaUtils]: Topic 'votes_seats_provinces' created succesfully
2026-01-18 08:40:40,821 | INFO     | generation.utils.kafka | [KafkaUtils]: Waiting 5 seconds for metadata propagation...
2026-01-18 08:53:40,847 | INFO     | generation.utils.kafka | [KafkaUtils]: Creating topic 'votes_raw'...
2026-01-18 08:53:40,881 | INFO     | generation.utils.kafka | [KafkaUtils]: Topic 'votes_raw' created succesfully
2026-01-18 08:53:40,882 | INFO     | generation.utils.kafka | [KafkaUtils]: Waiting 5 seconds for metadata propagation...
2026-01-18 08:53:45,963 | INFO     | generation.utils.kafka | [KafkaUtils]: Creating topic 'votes_clean'...
2026-01-18 08:53:45,988 | INFO     | generation.utils.kafka | [KafkaUtils]: Topic 'votes_clean' created succesfully
2026-01-18 08:53:45,989 | INFO     | generation.utils.kafka | [KafkaUtils]: Waiting 5 seconds for metadata propagation...
2026-01-18 08:53:51,075 | INFO     | generation.utils.kafka | [KafkaUtils]: Creating topic 'votes_seats_provinces'...
2026-01-18 08:53:51,107 | INFO     | generation.utils.kafka | [KafkaUtils]: Topic 'votes_seats_provinces' created succesfully
2026-01-18 08:53:51,108 | INFO     | generation.utils.kafka | [KafkaUtils]: Waiting 5 seconds for metadata propagation...
2026-01-18 08:59:35,271 | INFO     | generation.utils.kafka | [KafkaUtils]: Creating topic 'votes_raw'...
2026-01-18 08:59:35,316 | INFO     | generation.utils.kafka | [KafkaUtils]: Topic 'votes_raw' created succesfully
2026-01-18 08:59:35,320 | INFO     | generation.utils.kafka | [KafkaUtils]: Waiting 5 seconds for metadata propagation...
2026-01-18 08:59:40,402 | INFO     | generation.utils.kafka | [KafkaUtils]: Creating topic 'votes_clean'...
2026-01-18 08:59:40,437 | INFO     | generation.utils.kafka | [KafkaUtils]: Topic 'votes_clean' created succesfully
2026-01-18 08:59:40,439 | INFO     | generation.utils.kafka | [KafkaUtils]: Waiting 5 seconds for metadata propagation...
2026-01-18 08:59:45,524 | INFO     | generation.utils.kafka | [KafkaUtils]: Creating topic 'votes_seats_provinces'...
2026-01-18 08:59:45,561 | INFO     | generation.utils.kafka | [KafkaUtils]: Topic 'votes_seats_provinces' created succesfully
2026-01-18 08:59:45,563 | INFO     | generation.utils.kafka | [KafkaUtils]: Waiting 5 seconds for metadata propagation...
2026-01-18 09:01:06,609 | INFO     | generation.utils.kafka | [KafkaUtils]: Topic 'votes_raw' already exists, returning
2026-01-18 09:01:06,621 | INFO     | generation.utils.kafka | [KafkaUtils]: Topic 'votes_clean' already exists, returning
2026-01-18 09:01:06,698 | INFO     | generation.utils.kafka | [KafkaUtils]: Topic 'votes_seats_provinces' already exists, returning
2026-01-18 09:11:32,858 | INFO     | generation.utils.kafka | [KafkaUtils]: Creating topic 'votes_raw'...
2026-01-18 09:11:32,901 | INFO     | generation.utils.kafka | [KafkaUtils]: Topic 'votes_raw' created succesfully
2026-01-18 09:11:32,905 | INFO     | generation.utils.kafka | [KafkaUtils]: Waiting 5 seconds for metadata propagation...
2026-01-18 09:11:37,987 | INFO     | generation.utils.kafka | [KafkaUtils]: Creating topic 'votes_clean'...
2026-01-18 09:11:38,020 | INFO     | generation.utils.kafka | [KafkaUtils]: Topic 'votes_clean' created succesfully
2026-01-18 09:11:38,021 | INFO     | generation.utils.kafka | [KafkaUtils]: Waiting 5 seconds for metadata propagation...
2026-01-18 09:11:43,115 | INFO     | generation.utils.kafka | [KafkaUtils]: Creating topic 'votes_seats_provinces'...
2026-01-18 09:11:43,150 | INFO     | generation.utils.kafka | [KafkaUtils]: Topic 'votes_seats_provinces' created succesfully
2026-01-18 09:11:43,151 | INFO     | generation.utils.kafka | [KafkaUtils]: Waiting 5 seconds for metadata propagation...
2026-01-18 09:24:21,677 | INFO     | generation.utils.kafka | [KafkaUtils]: Creating topic 'votes_raw'...
2026-01-18 09:24:21,732 | INFO     | generation.utils.kafka | [KafkaUtils]: Topic 'votes_raw' created succesfully
2026-01-18 09:24:21,749 | INFO     | generation.utils.kafka | [KafkaUtils]: Waiting 5 seconds for metadata propagation...
2026-01-18 09:24:26,820 | INFO     | generation.utils.kafka | [KafkaUtils]: Creating topic 'votes_clean'...
2026-01-18 09:24:26,857 | INFO     | generation.utils.kafka | [KafkaUtils]: Topic 'votes_clean' created succesfully
2026-01-18 09:24:26,858 | INFO     | generation.utils.kafka | [KafkaUtils]: Waiting 5 seconds for metadata propagation...
2026-01-18 09:24:31,931 | INFO     | generation.utils.kafka | [KafkaUtils]: Creating topic 'votes_seats_provinces'...
2026-01-18 09:24:31,968 | INFO     | generation.utils.kafka | [KafkaUtils]: Topic 'votes_seats_provinces' created succesfully
2026-01-18 09:24:31,970 | INFO     | generation.utils.kafka | [KafkaUtils]: Waiting 5 seconds for metadata propagation...
2026-01-18 15:41:56,434 | INFO     | generation.utils.kafka | [KafkaUtils]: Creating topic 'votes_raw'...
2026-01-18 15:41:56,489 | INFO     | generation.utils.kafka | [KafkaUtils]: Topic 'votes_raw' created succesfully
2026-01-18 15:41:56,490 | INFO     | generation.utils.kafka | [KafkaUtils]: Waiting 5 seconds for metadata propagation...
2026-01-18 15:42:01,566 | INFO     | generation.utils.kafka | [KafkaUtils]: Creating topic 'votes_clean'...
2026-01-18 15:42:01,599 | INFO     | generation.utils.kafka | [KafkaUtils]: Topic 'votes_clean' created succesfully
2026-01-18 15:42:01,600 | INFO     | generation.utils.kafka | [KafkaUtils]: Waiting 5 seconds for metadata propagation...
2026-01-18 15:42:06,685 | INFO     | generation.utils.kafka | [KafkaUtils]: Creating topic 'votes_seats_provinces'...
2026-01-18 15:42:06,718 | INFO     | generation.utils.kafka | [KafkaUtils]: Topic 'votes_seats_provinces' created succesfully
2026-01-18 15:42:06,719 | INFO     | generation.utils.kafka | [KafkaUtils]: Waiting 5 seconds for metadata propagation...
2026-01-18 16:43:19,681 | INFO     | generation.utils.kafka | [KafkaUtils]: Creating topic 'votes_raw'...
2026-01-18 16:43:19,766 | INFO     | generation.utils.kafka | [KafkaUtils]: Topic 'votes_raw' created succesfully
2026-01-18 16:43:19,768 | INFO     | generation.utils.kafka | [KafkaUtils]: Waiting 5 seconds for metadata propagation...
2026-01-18 16:43:24,839 | INFO     | generation.utils.kafka | [KafkaUtils]: Creating topic 'votes_clean'...
2026-01-18 16:43:24,872 | INFO     | generation.utils.kafka | [KafkaUtils]: Topic 'votes_clean' created succesfully
2026-01-18 16:43:24,874 | INFO     | generation.utils.kafka | [KafkaUtils]: Waiting 5 seconds for metadata propagation...
2026-01-18 16:43:29,955 | INFO     | generation.utils.kafka | [KafkaUtils]: Creating topic 'votes_seats_provinces'...
2026-01-18 16:43:29,989 | INFO     | generation.utils.kafka | [KafkaUtils]: Topic 'votes_seats_provinces' created succesfully
2026-01-18 16:43:29,990 | INFO     | generation.utils.kafka | [KafkaUtils]: Waiting 5 seconds for metadata propagation...
2026-01-18 17:00:43,549 | INFO     | generation.utils.kafka | [KafkaUtils]: Creating topic 'votes_raw'...
2026-01-18 17:00:43,656 | INFO     | generation.utils.kafka | [KafkaUtils]: Topic 'votes_raw' created succesfully
2026-01-18 17:00:43,657 | INFO     | generation.utils.kafka | [KafkaUtils]: Waiting 5 seconds for metadata propagation...
2026-01-18 17:00:48,844 | INFO     | generation.utils.kafka | [KafkaUtils]: Creating topic 'votes_clean'...
2026-01-18 17:00:48,853 | INFO     | generation.utils.kafka | [KafkaUtils]: Topic 'votes_clean' created succesfully
2026-01-18 17:00:48,853 | INFO     | generation.utils.kafka | [KafkaUtils]: Waiting 5 seconds for metadata propagation...
2026-01-18 17:00:53,925 | INFO     | generation.utils.kafka | [KafkaUtils]: Creating topic 'votes_seats_provinces'...
2026-01-18 17:00:53,958 | INFO     | generation.utils.kafka | [KafkaUtils]: Topic 'votes_seats_provinces' created succesfully
2026-01-18 17:00:53,960 | INFO     | generation.utils.kafka | [KafkaUtils]: Waiting 5 seconds for metadata propagation...
2026-01-18 18:08:13,439 | INFO     | generation.utils.kafka | [KafkaUtils]: Creating topic 'votes_raw'...
2026-01-18 18:08:13,499 | INFO     | generation.utils.kafka | [KafkaUtils]: Topic 'votes_raw' created succesfully
2026-01-18 18:08:13,501 | INFO     | generation.utils.kafka | [KafkaUtils]: Waiting 5 seconds for metadata propagation...
2026-01-18 18:08:18,574 | INFO     | generation.utils.kafka | [KafkaUtils]: Creating topic 'votes_clean'...
2026-01-18 18:08:18,610 | INFO     | generation.utils.kafka | [KafkaUtils]: Topic 'votes_clean' created succesfully
2026-01-18 18:08:18,611 | INFO     | generation.utils.kafka | [KafkaUtils]: Waiting 5 seconds for metadata propagation...
2026-01-18 18:08:23,701 | INFO     | generation.utils.kafka | [KafkaUtils]: Creating topic 'votes_seats_provinces'...
2026-01-18 18:08:23,737 | INFO     | generation.utils.kafka | [KafkaUtils]: Topic 'votes_seats_provinces' created succesfully
2026-01-18 18:08:23,738 | INFO     | generation.utils.kafka | [KafkaUtils]: Waiting 5 seconds for metadata propagation...
2026-01-19 14:31:56,621 | INFO     | generation.utils.kafka | [KafkaUtils]: Creating topic 'votes_raw'...
2026-01-19 14:31:56,672 | INFO     | generation.utils.kafka | [KafkaUtils]: Topic 'votes_raw' created succesfully
2026-01-19 14:31:56,673 | INFO     | generation.utils.kafka | [KafkaUtils]: Waiting 5 seconds for metadata propagation...
2026-01-19 14:32:01,746 | INFO     | generation.utils.kafka | [KafkaUtils]: Creating topic 'votes_clean'...
2026-01-19 14:32:01,784 | INFO     | generation.utils.kafka | [KafkaUtils]: Topic 'votes_clean' created succesfully
2026-01-19 14:32:01,787 | INFO     | generation.utils.kafka | [KafkaUtils]: Waiting 5 seconds for metadata propagation...
2026-01-19 14:32:06,866 | INFO     | generation.utils.kafka | [KafkaUtils]: Creating topic 'votes_seats_provinces'...
2026-01-19 14:32:06,894 | INFO     | generation.utils.kafka | [KafkaUtils]: Topic 'votes_seats_provinces' created succesfully
2026-01-19 14:32:06,896 | INFO     | generation.utils.kafka | [KafkaUtils]: Waiting 5 seconds for metadata propagation...
2026-01-19 14:39:04,140 | INFO     | generation.utils.kafka | [KafkaUtils]: Topic 'votes_raw' already exists, returning
2026-01-19 14:39:04,240 | INFO     | generation.utils.kafka | [KafkaUtils]: Topic 'votes_clean' already exists, returning
2026-01-19 14:39:04,315 | INFO     | generation.utils.kafka | [KafkaUtils]: Topic 'votes_seats_provinces' already exists, returning
2026-01-19 15:05:33,498 | INFO     | generation.utils.kafka | [KafkaUtils]: Creating topic 'votes_raw'...
2026-01-19 15:05:33,679 | INFO     | generation.utils.kafka | [KafkaUtils]: Topic 'votes_raw' created succesfully
2026-01-19 15:05:33,680 | INFO     | generation.utils.kafka | [KafkaUtils]: Waiting 5 seconds for metadata propagation...
2026-01-19 15:05:38,754 | INFO     | generation.utils.kafka | [KafkaUtils]: Creating topic 'votes_clean'...
2026-01-19 15:05:38,790 | INFO     | generation.utils.kafka | [KafkaUtils]: Topic 'votes_clean' created succesfully
2026-01-19 15:05:38,791 | INFO     | generation.utils.kafka | [KafkaUtils]: Waiting 5 seconds for metadata propagation...
2026-01-19 15:05:43,840 | INFO     | generation.utils.kafka | [KafkaUtils]: Creating topic 'votes_seats_provinces'...
2026-01-19 15:05:43,898 | INFO     | generation.utils.kafka | [KafkaUtils]: Topic 'votes_seats_provinces' created succesfully
2026-01-19 15:05:43,899 | INFO     | generation.utils.kafka | [KafkaUtils]: Waiting 5 seconds for metadata propagation...
2026-01-19 15:11:22,916 | INFO     | generation.utils.kafka | [KafkaUtils]: Creating topic 'votes_raw'...
2026-01-19 15:11:22,956 | INFO     | generation.utils.kafka | [KafkaUtils]: Topic 'votes_raw' created succesfully
2026-01-19 15:11:22,958 | INFO     | generation.utils.kafka | [KafkaUtils]: Waiting 5 seconds for metadata propagation...
2026-01-19 15:11:28,036 | INFO     | generation.utils.kafka | [KafkaUtils]: Creating topic 'votes_clean'...
2026-01-19 15:11:28,075 | INFO     | generation.utils.kafka | [KafkaUtils]: Topic 'votes_clean' created succesfully
2026-01-19 15:11:28,076 | INFO     | generation.utils.kafka | [KafkaUtils]: Waiting 5 seconds for metadata propagation...
2026-01-19 15:11:33,153 | INFO     | generation.utils.kafka | [KafkaUtils]: Creating topic 'votes_seats_provinces'...
2026-01-19 15:11:33,195 | INFO     | generation.utils.kafka | [KafkaUtils]: Topic 'votes_seats_provinces' created succesfully
2026-01-19 15:11:33,197 | INFO     | generation.utils.kafka | [KafkaUtils]: Waiting 5 seconds for metadata propagation...
2026-01-19 15:40:04,792 | INFO     | generation.utils.kafka | [KafkaUtils]: Creating topic 'votes_raw'...
2026-01-19 15:40:04,843 | INFO     | generation.utils.kafka | [KafkaUtils]: Topic 'votes_raw' created succesfully
2026-01-19 15:40:04,844 | INFO     | generation.utils.kafka | [KafkaUtils]: Waiting 5 seconds for metadata propagation...
2026-01-19 15:40:09,916 | INFO     | generation.utils.kafka | [KafkaUtils]: Creating topic 'votes_clean'...
2026-01-19 15:40:09,955 | INFO     | generation.utils.kafka | [KafkaUtils]: Topic 'votes_clean' created succesfully
2026-01-19 15:40:09,956 | INFO     | generation.utils.kafka | [KafkaUtils]: Waiting 5 seconds for metadata propagation...
2026-01-19 15:40:15,043 | INFO     | generation.utils.kafka | [KafkaUtils]: Creating topic 'votes_seats_provinces'...
2026-01-19 15:40:15,077 | INFO     | generation.utils.kafka | [KafkaUtils]: Topic 'votes_seats_provinces' created succesfully
2026-01-19 15:40:15,077 | INFO     | generation.utils.kafka | [KafkaUtils]: Waiting 5 seconds for metadata propagation...
2026-01-21 19:42:20,236 | INFO     | generation.utils.kafka | [KafkaUtils]: Creating topic 'votes_raw'...
2026-01-21 19:42:20,282 | INFO     | generation.utils.kafka | [KafkaUtils]: Topic 'votes_raw' created succesfully
2026-01-21 19:42:20,283 | INFO     | generation.utils.kafka | [KafkaUtils]: Waiting 5 seconds for metadata propagation...
2026-01-21 19:42:25,357 | INFO     | generation.utils.kafka | [KafkaUtils]: Creating topic 'votes_clean'...
2026-01-21 19:42:25,394 | INFO     | generation.utils.kafka | [KafkaUtils]: Topic 'votes_clean' created succesfully
2026-01-21 19:42:25,395 | INFO     | generation.utils.kafka | [KafkaUtils]: Waiting 5 seconds for metadata propagation...
2026-01-21 19:42:30,470 | INFO     | generation.utils.kafka | [KafkaUtils]: Creating topic 'votes_seats_provinces'...
2026-01-21 19:42:30,511 | INFO     | generation.utils.kafka | [KafkaUtils]: Topic 'votes_seats_provinces' created succesfully
2026-01-21 19:42:30,513 | INFO     | generation.utils.kafka | [KafkaUtils]: Waiting 5 seconds for metadata propagation...
2026-01-23 16:19:50,450 | INFO     | generation.utils.kafka | [KafkaUtils]: Creating topic 'votes_raw'...
2026-01-23 16:19:50,512 | INFO     | generation.utils.kafka | [KafkaUtils]: Topic 'votes_raw' created succesfully
2026-01-23 16:19:50,515 | INFO     | generation.utils.kafka | [KafkaUtils]: Waiting 5 seconds for metadata propagation...
2026-01-23 16:19:55,618 | INFO     | generation.utils.kafka | [KafkaUtils]: Creating topic 'votes_clean'...
2026-01-23 16:19:55,664 | INFO     | generation.utils.kafka | [KafkaUtils]: Topic 'votes_clean' created succesfully
2026-01-23 16:19:55,668 | INFO     | generation.utils.kafka | [KafkaUtils]: Waiting 5 seconds for metadata propagation...
2026-01-23 16:20:00,749 | INFO     | generation.utils.kafka | [KafkaUtils]: Creating topic 'votes_seats_provinces'...
2026-01-23 16:20:00,781 | INFO     | generation.utils.kafka | [KafkaUtils]: Topic 'votes_seats_provinces' created succesfully
2026-01-23 16:20:00,782 | INFO     | generation.utils.kafka | [KafkaUtils]: Waiting 5 seconds for metadata propagation...
2026-01-23 16:20:50,946 | INFO     | generation.utils.kafka | [KafkaUtils]: Topic 'votes_raw' already exists, returning
2026-01-23 16:20:51,056 | INFO     | generation.utils.kafka | [KafkaUtils]: Topic 'votes_clean' already exists, returning
2026-01-23 16:20:51,132 | INFO     | generation.utils.kafka | [KafkaUtils]: Topic 'votes_seats_provinces' already exists, returning
2026-01-23 17:49:35,690 | INFO     | generation.utils.kafka | [KafkaUtils]: Creating topic 'votes_raw'...
2026-01-23 17:49:35,745 | INFO     | generation.utils.kafka | [KafkaUtils]: Topic 'votes_raw' created succesfully
2026-01-23 17:49:35,746 | INFO     | generation.utils.kafka | [KafkaUtils]: Waiting 5 seconds for metadata propagation...
2026-01-23 17:49:40,817 | INFO     | generation.utils.kafka | [KafkaUtils]: Creating topic 'votes_clean'...
2026-01-23 17:49:40,856 | INFO     | generation.utils.kafka | [KafkaUtils]: Topic 'votes_clean' created succesfully
2026-01-23 17:49:40,857 | INFO     | generation.utils.kafka | [KafkaUtils]: Waiting 5 seconds for metadata propagation...
2026-01-23 17:49:45,941 | INFO     | generation.utils.kafka | [KafkaUtils]: Creating topic 'votes_seats_provinces'...
2026-01-23 17:49:45,991 | INFO     | generation.utils.kafka | [KafkaUtils]: Topic 'votes_seats_provinces' created succesfully
2026-01-23 17:49:45,992 | INFO     | generation.utils.kafka | [KafkaUtils]: Waiting 5 seconds for metadata propagation...
